<?xml version="1.0" encoding="UTF-8"?>
<!-- Generated by org.testng.reporters.JUnitXMLReporter -->
<testsuite hostname="IPLSOFT-1" ignored="1" name="Test" tests="3" failures="0" timestamp="15 Apr 2017 04:21:21 GMT" time="0.008" errors="0">
  <testcase name="testCase1" time="0.0" classname="com.box.tests.TestngAnnotation"/>
  <testcase name="testCase3" time="0.0" classname="com.box.tests.TestngAnnotation"/>
  <testcase name="testCase4" time="0.0" classname="com.box.tests.TestngAnnotation"/>
  <testcase name="testCase2" time="0.0" classname="com.box.tests.TestngAnnotation">
    <ignored/>
  </testcase> <!-- testCase2 -->
</testsuite> <!-- Test -->
