<?xml version="1.0" encoding="UTF-8"?>
<!-- Generated by org.testng.reporters.JUnitXMLReporter -->
<testsuite hostname="Dreambook.local" ignored="0" name="Default test" tests="4" failures="0" timestamp="15 Jun 2017 03:10:11 GMT" time="0.121" errors="0">
  <testcase name="testCase1" time="0.026" classname="com.box.tests.MultipleTestData"/>
  <testcase name="testCase1" time="0.003" classname="com.box.tests.MultipleTestData"/>
  <testcase name="testCase1" time="0.003" classname="com.box.tests.MultipleTestData"/>
  <testcase name="testCase1" time="0.007" classname="com.box.tests.MultipleTestData"/>
</testsuite> <!-- Default test -->
