<?xml version="1.0" encoding="UTF-8"?>
<!-- Generated by org.testng.reporters.JUnitXMLReporter -->
<testsuite hostname="IPLSOFT-1" ignored="0" name="BoxLoginLogout" tests="4" failures="0" timestamp="12 Apr 2017 10:52:25 GMT" time="5.269" errors="0">
  <testcase name="verifyTitle1" time="0.067" classname="com.box.tests.BoxLoginLogoutParameterised"/>
  <testcase name="loginIntoBox" time="0.874" classname="com.box.tests.BoxLoginLogoutParameterised"/>
  <testcase name="verifyTitle2" time="3.388" classname="com.box.tests.BoxLoginLogoutParameterised"/>
  <testcase name="logoutFromBox" time="0.897" classname="com.box.tests.BoxLoginLogoutParameterised"/>
</testsuite> <!-- BoxLoginLogout -->
